[0806/231446.129:ERROR:process_info.cc(329)] VirtualQueryEx: Access is denied. (0x5)
[0806/231446.130:ERROR:process_info.cc(556)] ReadMemoryInfo failed
[0806/231446.130:ERROR:process_memory_win.cc(39)] Failed to initialize ProcessInfo.
[0806/231446.130:ERROR:scoped_process_suspend.cc(40)] NtResumeProcess: An attempt was made to access an exiting process. (0xc000010a)
[0806/233020.987:ERROR:process_reader_win.cc(151)] SuspendThread: Access is denied. (0x5)
[0806/233020.988:ERROR:exception_snapshot_win.cc(98)] thread ID 14944 not found in process
[0806/233020.989:ERROR:scoped_process_suspend.cc(40)] NtResumeProcess: An attempt was made to access an exiting process. (0xc000010a)
[0807/123310.471:ERROR:process_reader_win.cc(123)] NtOpenThread: {Access Denied} A process has requested access to an object, but has not been granted those access rights. (0xc0000022)
[0807/123310.503:ERROR:exception_snapshot_win.cc(98)] thread ID 26648 not found in process
[0807/123310.529:ERROR:process_reader_win.cc(151)] SuspendThread: Access is denied. (0x5)
[0807/123310.529:ERROR:process_reader_win.cc(151)] SuspendThread: Access is denied. (0x5)
[0807/123310.529:ERROR:process_reader_win.cc(151)] SuspendThread: Access is denied. (0x5)
[0807/123310.529:ERROR:process_reader_win.cc(151)] SuspendThread: Access is denied. (0x5)
[0807/123310.529:ERROR:process_reader_win.cc(151)] SuspendThread: Access is denied. (0x5)
[0807/123310.529:ERROR:process_reader_win.cc(151)] SuspendThread: Access is denied. (0x5)
[0807/123310.529:ERROR:process_reader_win.cc(151)] SuspendThread: Access is denied. (0x5)
[0807/123310.529:ERROR:process_reader_win.cc(123)] NtOpenThread: {Access Denied} A process has requested access to an object, but has not been granted those access rights. (0xc0000022)
[0807/123310.529:ERROR:exception_snapshot_win.cc(98)] thread ID 22984 not found in process
[0807/123310.533:ERROR:process_reader_win.cc(123)] NtOpenThread: {Access Denied} A process has requested access to an object, but has not been granted those access rights. (0xc0000022)
[0807/123310.533:ERROR:exception_snapshot_win.cc(98)] thread ID 26436 not found in process
[0807/123310.540:ERROR:process_reader_win.cc(151)] SuspendThread: Access is denied. (0x5)
[0807/123310.541:ERROR:process_reader_win.cc(151)] SuspendThread: Access is denied. (0x5)
[0807/123310.541:ERROR:process_reader_win.cc(151)] SuspendThread: Access is denied. (0x5)
[0807/123310.541:ERROR:process_reader_win.cc(151)] SuspendThread: Access is denied. (0x5)
[0807/123310.541:ERROR:process_reader_win.cc(151)] SuspendThread: Access is denied. (0x5)
[0807/123310.541:ERROR:process_reader_win.cc(151)] SuspendThread: Access is denied. (0x5)
[0807/123310.541:ERROR:process_reader_win.cc(151)] SuspendThread: Access is denied. (0x5)
[0807/123310.541:ERROR:process_reader_win.cc(151)] SuspendThread: Access is denied. (0x5)
[0807/123310.541:ERROR:process_reader_win.cc(151)] SuspendThread: Access is denied. (0x5)
[0807/123310.541:ERROR:process_reader_win.cc(151)] SuspendThread: Access is denied. (0x5)
[0807/123310.541:ERROR:process_reader_win.cc(151)] SuspendThread: Access is denied. (0x5)
[0807/123310.541:ERROR:process_reader_win.cc(151)] SuspendThread: Access is denied. (0x5)
[0807/123310.541:ERROR:process_reader_win.cc(151)] SuspendThread: Access is denied. (0x5)
[0807/123310.541:ERROR:process_reader_win.cc(151)] SuspendThread: Access is denied. (0x5)
[0807/123310.541:ERROR:process_reader_win.cc(151)] SuspendThread: Access is denied. (0x5)
[0807/123310.541:ERROR:process_reader_win.cc(151)] SuspendThread: Access is denied. (0x5)
[0807/123310.541:ERROR:process_reader_win.cc(151)] SuspendThread: Access is denied. (0x5)
[0807/123310.541:ERROR:process_reader_win.cc(151)] SuspendThread: Access is denied. (0x5)
[0807/123310.558:ERROR:process_reader_win.cc(151)] SuspendThread: Access is denied. (0x5)
[0807/123310.558:ERROR:process_reader_win.cc(151)] SuspendThread: Access is denied. (0x5)
[0807/123310.558:ERROR:process_reader_win.cc(123)] NtOpenThread: {Access Denied} A process has requested access to an object, but has not been granted those access rights. (0xc0000022)
[0807/123310.559:ERROR:exception_snapshot_win.cc(98)] thread ID 15216 not found in process
[0807/123310.563:ERROR:process_reader_win.cc(151)] SuspendThread: Access is denied. (0x5)
[0807/123310.564:ERROR:process_reader_win.cc(151)] SuspendThread: Access is denied. (0x5)
[0807/123310.564:ERROR:process_reader_win.cc(123)] NtOpenThread: {Access Denied} A process has requested access to an object, but has not been granted those access rights. (0xc0000022)
[0807/123310.564:ERROR:exception_snapshot_win.cc(98)] thread ID 27160 not found in process
[0807/123310.565:ERROR:process_reader_win.cc(151)] SuspendThread: Access is denied. (0x5)
[0807/123310.565:ERROR:process_reader_win.cc(123)] NtOpenThread: {Access Denied} A process has requested access to an object, but has not been granted those access rights. (0xc0000022)
[0807/123310.565:ERROR:exception_snapshot_win.cc(98)] thread ID 17152 not found in process
[0807/123310.567:ERROR:process_reader_win.cc(151)] SuspendThread: Access is denied. (0x5)
[0807/123310.567:ERROR:process_reader_win.cc(151)] SuspendThread: Access is denied. (0x5)
[0807/123310.567:ERROR:process_reader_win.cc(151)] SuspendThread: Access is denied. (0x5)
[0807/123310.567:ERROR:process_reader_win.cc(151)] SuspendThread: Access is denied. (0x5)
[0807/123310.567:ERROR:process_reader_win.cc(151)] SuspendThread: Access is denied. (0x5)
[0807/123310.567:ERROR:process_reader_win.cc(151)] SuspendThread: Access is denied. (0x5)
[0807/123310.567:ERROR:process_reader_win.cc(151)] SuspendThread: Access is denied. (0x5)
[0807/123310.567:ERROR:process_reader_win.cc(151)] SuspendThread: Access is denied. (0x5)
[0807/123310.567:ERROR:process_reader_win.cc(151)] SuspendThread: Access is denied. (0x5)
[0807/123310.567:ERROR:process_reader_win.cc(151)] SuspendThread: Access is denied. (0x5)
[0807/123310.567:ERROR:process_reader_win.cc(151)] SuspendThread: Access is denied. (0x5)
[0807/123310.567:ERROR:process_reader_win.cc(123)] NtOpenThread: {Access Denied} A process has requested access to an object, but has not been granted those access rights. (0xc0000022)
[0807/123310.567:ERROR:exception_snapshot_win.cc(98)] thread ID 11412 not found in process
[0807/123310.576:ERROR:process_reader_win.cc(151)] SuspendThread: Access is denied. (0x5)
[0807/123310.576:ERROR:process_reader_win.cc(123)] NtOpenThread: {Access Denied} A process has requested access to an object, but has not been granted those access rights. (0xc0000022)
[0807/123310.576:ERROR:exception_snapshot_win.cc(98)] thread ID 24496 not found in process
[0807/123310.575:ERROR:process_reader_win.cc(151)] SuspendThread: Access is denied. (0x5)
[0807/123310.576:ERROR:process_reader_win.cc(151)] SuspendThread: Access is denied. (0x5)
[0807/123310.576:ERROR:process_reader_win.cc(151)] SuspendThread: Access is denied. (0x5)
[0807/123310.576:ERROR:process_reader_win.cc(151)] SuspendThread: Access is denied. (0x5)
[0807/123310.576:ERROR:process_reader_win.cc(123)] NtOpenThread: {Access Denied} A process has requested access to an object, but has not been granted those access rights. (0xc0000022)
[0807/123310.576:ERROR:exception_snapshot_win.cc(98)] thread ID 26128 not found in process
[0807/123310.576:ERROR:process_reader_win.cc(123)] NtOpenThread: {Access Denied} A process has requested access to an object, but has not been granted those access rights. (0xc0000022)
[0807/123310.577:ERROR:exception_snapshot_win.cc(98)] thread ID 27140 not found in process
[0807/123310.579:ERROR:process_reader_win.cc(151)] SuspendThread: Access is denied. (0x5)
[0807/123310.579:ERROR:process_reader_win.cc(151)] SuspendThread: Access is denied. (0x5)
[0807/123310.579:ERROR:process_reader_win.cc(151)] SuspendThread: Access is denied. (0x5)
[0807/123310.579:ERROR:process_reader_win.cc(151)] SuspendThread: Access is denied. (0x5)
[0807/123310.579:ERROR:process_reader_win.cc(151)] SuspendThread: Access is denied. (0x5)
[0807/123310.579:ERROR:process_reader_win.cc(151)] SuspendThread: Access is denied. (0x5)
[0807/123310.579:ERROR:process_reader_win.cc(151)] SuspendThread: Access is denied. (0x5)
[0807/123310.579:ERROR:process_reader_win.cc(151)] SuspendThread: Access is denied. (0x5)
[0807/123310.579:ERROR:process_reader_win.cc(151)] SuspendThread: Access is denied. (0x5)
[0807/123310.579:ERROR:process_reader_win.cc(151)] SuspendThread: Access is denied. (0x5)
[0807/123310.579:ERROR:process_reader_win.cc(151)] SuspendThread: Access is denied. (0x5)
[0807/123310.579:ERROR:process_reader_win.cc(151)] SuspendThread: Access is denied. (0x5)
[0807/123310.579:ERROR:process_reader_win.cc(151)] SuspendThread: Access is denied. (0x5)
[0807/123310.580:ERROR:process_reader_win.cc(151)] SuspendThread: Access is denied. (0x5)
[0807/123310.580:ERROR:process_reader_win.cc(151)] SuspendThread: Access is denied. (0x5)
[0807/123310.580:ERROR:process_reader_win.cc(123)] NtOpenThread: {Access Denied} A process has requested access to an object, but has not been granted those access rights. (0xc0000022)
[0807/123310.580:ERROR:exception_snapshot_win.cc(98)] thread ID 14228 not found in process
[0807/123310.618:ERROR:process_reader_win.cc(123)] NtOpenThread: {Access Denied} A process has requested access to an object, but has not been granted those access rights. (0xc0000022)
[0807/123310.618:ERROR:exception_snapshot_win.cc(98)] thread ID 18904 not found in process
